########################################
#        @######              ######   #
#   ####  @    #        ####       #   #
#   #        ####       #   L    ####  #
# ###  ####           ###  ####   P    #
#   #     # #           #     #p#      #
#   #     #   ### ###   #     #   ### ##
#   ### ###   # #       ### ###   # #  #
#     #   #   # #L P      #   #   # #  #
#     #   ##### #  ####   #   #####p#  #
#                     #                #
#     ####   ###      #   ####   ###   S
#     #          ###                   #
#      ##########  #       @           #
#       p          ###                 #
#         ######              ######   #
#   ####      c#        ####       #   #
#   #        ####P P    #       P#### c#
# ###  ####T   Lc     ###  ####   T    #
#   #     # #  T      L #  c  # #      #
#   #     #   ### ###   #     #   ### ##
#   ### ###   # #       ### ###   # #  #
#     #   #   # #         #   #   # #  #
#                                L     #
##############E#########################
